<?xml version="1.0" encoding="UTF-8"?>

<persistence xmlns="http://java.sun.com/xml/ns/persistence"
	version="1.0">
	<persistence-unit name="testPersistenceUnit" transaction-type="RESOURCE_LOCAL">
		<provider>org.hibernate.ejb.HibernatePersistence</provider>
		<shared-cache-mode>ENABLE_SELECTIVE</shared-cache-mode>
		
		
		<class>net.sxig.samples.model.BarEntity</class> 
		<class>net.sxig.samples.model.FooEntity</class> 
		<class>net.sxig.samples.model.MooEntity</class> 
				<properties>
			<property name="hibernate.hbm2ddl.auto" value="create" />
			<property name="hibernate.show_sql" value="true" />
			<property name="hibernate.cache.use_query_cache" value="true" />
			<property name="hibernate.format_sql" value="true" />
			<property name="hibernate.cache.provider_class"
				value="org.hibernate.cache.SingletonEhCacheProvider" />
			<property name="hibernate.generate_statistics" value="false" />
			<property name="hibernate.cache.region.factory_class"
				value="org.hibernate.cache.ehcache.SingletonEhCacheRegionFactory" />
			<property name="hibernate.cache.use_second_level_cache"
				value="true" />
			<property name="hibernate.dialect" 
			value="org.hibernate.dialect.MySQL5InnoDBDialect" />
			<property name="hibernate.id.new_generator_mappings" value="true" />
			
		</properties>
	</persistence-unit>
</persistence>