<?xml version="1.0" encoding="UTF-8"?>

<beans xmlns="http://www.springframework.org/schema/beans"
	xmlns:xsi="http://www.w3.org/2001/XMLSchema-instance" xmlns:jdbc="http://www.springframework.org/schema/jdbc"
	  xmlns:p="http://www.springframework.org/schema/p"
	  xmlns:tx="http://www.springframework.org/schema/tx"
	xsi:schemaLocation="http://www.springframework.org/schema/beans http://www.springframework.org/schema/beans/spring-beans-3.0.xsd
		http://www.springframework.org/schema/tx http://www.springframework.org/schema/tx/spring-tx-3.0.xsd
    http://www.springframework.org/schema/jdbc http://www.springframework.org/schema/jdbc/spring-jdbc-3.0.xsd">

	<bean id="entityManagerFactory"
		class="org.springframework.orm.jpa.LocalContainerEntityManagerFactoryBean">
		<property name="jpaVendorAdapter">
			<bean class="org.springframework.orm.jpa.vendor.HibernateJpaVendorAdapter" />
		</property>
		<property name="persistenceXmlLocation" value="classpath*:META-INF/test-persistence.xml" />
		<property name="dataSource" ref="dataSource" />
	</bean>

	<bean id="sharedEntityManager"
		class="org.springframework.orm.jpa.support.SharedEntityManagerBean">
		<property name="entityManagerFactory" ref="entityManagerFactory" />
	</bean>

	<bean id="transactionManager" class="org.springframework.orm.jpa.JpaTransactionManager">
		<property name="entityManagerFactory" ref="entityManagerFactory" />
	</bean>
		
	<tx:annotation-driven transaction-manager="transactionManager" />
	
	<!--  -->
	<bean id="dataSource" class="org.apache.commons.dbcp.BasicDataSource"
		 destroy-method="close"
		 p:testOnBorrow="true"
		 p:validationQuery="SELECT 1"
		 p:driverClassName="com.mysql.jdbc.Driver"
		p:url="jdbc:mysql://127.0.0.1:3306/sampledb" p:username="sampleuser"
		p:password="Sample123!@#" /> 
		
<!-- 	
		For Embedded DB Test
	 <jdbc:embedded-database id="dataSource" type="H2" /> 
 --> 
</beans>